0 info it worked if it ends with ok
1 verbose cli [ 'node', '/usr/local/bin/npm', 'install', '-g', 'less' ]
2 info using npm@2.7.4
3 info using node@v0.12.2
4 silly cache add args [ 'less', null ]
5 verbose cache add spec less
6 silly cache add parsed spec { raw: 'less',
6 silly cache add   scope: null,
6 silly cache add   name: 'less',
6 silly cache add   rawSpec: '',
6 silly cache add   spec: '*',
6 silly cache add   type: 'range' }
7 verbose addNamed less@*
8 silly addNamed semver.valid null
9 silly addNamed semver.validRange *
10 silly addNameRange { name: 'less', range: '*', hasData: false }
11 silly mapToRegistry name less
12 silly mapToRegistry using default registry
13 silly mapToRegistry registry https://registry.npmjs.org/
14 silly mapToRegistry uri https://registry.npmjs.org/less
15 verbose addNameRange registry:https://registry.npmjs.org/less not in flight; fetching
16 verbose request uri https://registry.npmjs.org/less
17 verbose request no auth needed
18 info attempt registry request try #1 at 1:25:35 PM
19 verbose request id 95e5ff00f648a464
20 http request GET https://registry.npmjs.org/less
21 http 200 https://registry.npmjs.org/less
22 silly get cb [ 200,
22 silly get   { server: 'CouchDB/1.5.0 (Erlang OTP/R16B03)',
22 silly get     etag: '"4IBWLL2GVD4XA2IVU2FV03GAH"',
22 silly get     'content-type': 'application/json',
22 silly get     'cache-control': 'max-age=60',
22 silly get     'content-length': '90845',
22 silly get     'accept-ranges': 'bytes',
22 silly get     date: 'Mon, 11 May 2015 18:25:33 GMT',
22 silly get     via: '1.1 varnish',
22 silly get     age: '43',
22 silly get     connection: 'keep-alive',
22 silly get     'x-served-by': 'cache-jfk1034-JFK',
22 silly get     'x-cache': 'HIT',
22 silly get     'x-cache-hits': '2',
22 silly get     'x-timer': 'S1431368733.608080,VS0,VE0',
22 silly get     vary: 'Accept' } ]
23 verbose get saving less to /Users/rafaelalvarado/.npm/registry.npmjs.org/less/.cache.json
24 verbose getCacheStat cache creation not in flight; initializing
25 silly addNameRange number 2 { name: 'less', range: '*', hasData: true }
26 silly addNameRange versions [ 'less',
26 silly addNameRange   [ '1.0.10',
26 silly addNameRange     '1.0.11',
26 silly addNameRange     '1.0.14',
26 silly addNameRange     '1.0.18',
26 silly addNameRange     '1.0.19',
26 silly addNameRange     '1.0.21',
26 silly addNameRange     '1.0.32',
26 silly addNameRange     '1.0.36',
26 silly addNameRange     '1.0.5',
26 silly addNameRange     '1.0.40',
26 silly addNameRange     '1.0.41',
26 silly addNameRange     '1.0.44',
26 silly addNameRange     '1.1.0',
26 silly addNameRange     '1.1.1',
26 silly addNameRange     '1.1.2',
26 silly addNameRange     '1.1.4',
26 silly addNameRange     '1.1.5',
26 silly addNameRange     '1.1.6',
26 silly addNameRange     '1.2.0',
26 silly addNameRange     '1.2.1',
26 silly addNameRange     '1.2.2',
26 silly addNameRange     '1.3.0',
26 silly addNameRange     '1.3.1',
26 silly addNameRange     '1.3.2',
26 silly addNameRange     '1.3.3',
26 silly addNameRange     '1.4.0-b1',
26 silly addNameRange     '1.4.0-b2',
26 silly addNameRange     '1.4.0-b3',
26 silly addNameRange     '1.4.0-b4',
26 silly addNameRange     '1.4.0',
26 silly addNameRange     '1.4.1',
26 silly addNameRange     '1.4.2',
26 silly addNameRange     '1.5.0-b1',
26 silly addNameRange     '1.5.0-b2',
26 silly addNameRange     '1.5.0-b3',
26 silly addNameRange     '1.5.0-b4',
26 silly addNameRange     '1.5.0',
26 silly addNameRange     '1.5.1',
26 silly addNameRange     '1.6.0',
26 silly addNameRange     '1.6.1',
26 silly addNameRange     '1.6.2',
26 silly addNameRange     '1.6.3',
26 silly addNameRange     '1.7.0',
26 silly addNameRange     '1.7.1',
26 silly addNameRange     '1.7.3',
26 silly addNameRange     '1.7.4',
26 silly addNameRange     '1.7.5',
26 silly addNameRange     '2.0.0-b1',
26 silly addNameRange     '2.0.0-b2',
26 silly addNameRange     '2.0.0-b3',
26 silly addNameRange     '2.0.0',
26 silly addNameRange     '2.1.0',
26 silly addNameRange     '2.1.1',
26 silly addNameRange     '2.1.2',
26 silly addNameRange     '2.2.0',
26 silly addNameRange     '2.3.0',
26 silly addNameRange     '2.3.1',
26 silly addNameRange     '2.4.0',
26 silly addNameRange     '2.5.0' ] ]
27 verbose addNamed less@2.5.0
28 silly addNamed semver.valid 2.5.0
29 silly addNamed semver.validRange 2.5.0
30 silly mapToRegistry name less
31 silly mapToRegistry using default registry
32 silly mapToRegistry registry https://registry.npmjs.org/
33 silly mapToRegistry uri https://registry.npmjs.org/less
34 verbose addRemoteTarball https://registry.npmjs.org/less/-/less-2.5.0.tgz not in flight; adding
35 verbose addRemoteTarball [ 'https://registry.npmjs.org/less/-/less-2.5.0.tgz',
35 verbose addRemoteTarball   '11d6d611586de6d5f808220649bc9bbfe7ad5e17' ]
36 info retry fetch attempt 1 at 1:25:35 PM
37 info attempt registry request try #1 at 1:25:35 PM
38 http fetch GET https://registry.npmjs.org/less/-/less-2.5.0.tgz
39 http fetch 200 https://registry.npmjs.org/less/-/less-2.5.0.tgz
40 silly fetchAndShaCheck shasum 11d6d611586de6d5f808220649bc9bbfe7ad5e17
41 verbose addTmpTarball /var/folders/nr/4glzvrrd7jz1_3t5z283yymw0000gn/T/npm-14008-ace9b687/registry.npmjs.org/less/-/less-2.5.0.tgz not in flight; adding
42 verbose addTmpTarball already have metadata; skipping unpack for less@2.5.0
43 silly cache afterAdd less@2.5.0
44 verbose afterAdd /Users/rafaelalvarado/.npm/less/2.5.0/package/package.json not in flight; writing
45 verbose afterAdd /Users/rafaelalvarado/.npm/less/2.5.0/package/package.json written
46 silly install resolved [ { name: 'less',
46 silly install resolved     version: '2.5.0',
46 silly install resolved     description: 'Leaner CSS',
46 silly install resolved     homepage: 'http://lesscss.org',
46 silly install resolved     author: { name: 'Alexis Sellier', email: 'self@cloudhead.net' },
46 silly install resolved     contributors: [ [Object] ],
46 silly install resolved     bugs: { url: 'https://github.com/less/less.js/issues' },
46 silly install resolved     repository: { type: 'git', url: 'https://github.com/less/less.js.git' },
46 silly install resolved     licenses: [ [Object] ],
46 silly install resolved     bin: { lessc: './bin/lessc' },
46 silly install resolved     main: 'index',
46 silly install resolved     directories: { test: './test' },
46 silly install resolved     jam: { main: './dist/less.js' },
46 silly install resolved     browser: './dist/less.js',
46 silly install resolved     engines: { node: '>=0.10.0' },
46 silly install resolved     scripts: { test: 'grunt test' },
46 silly install resolved     optionalDependencies:
46 silly install resolved      { errno: '^0.1.1',
46 silly install resolved        'graceful-fs': '^3.0.5',
46 silly install resolved        'image-size': '~0.3.5',
46 silly install resolved        mime: '^1.2.11',
46 silly install resolved        mkdirp: '^0.5.0',
46 silly install resolved        promise: '^6.0.1',
46 silly install resolved        request: '^2.51.0',
46 silly install resolved        'source-map': '^0.4.2' },
46 silly install resolved     devDependencies:
46 silly install resolved      { diff: '^1.0',
46 silly install resolved        grunt: '^0.4.5',
46 silly install resolved        'grunt-contrib-clean': '^0.6.0',
46 silly install resolved        'grunt-contrib-concat': '^0.5.0',
46 silly install resolved        'grunt-contrib-connect': '^0.9.0',
46 silly install resolved        'grunt-contrib-jasmine': '^0.8.2',
46 silly install resolved        'grunt-contrib-jshint': '^0.11.0',
46 silly install resolved        'grunt-contrib-uglify': '^0.8.0',
46 silly install resolved        'grunt-jscs': '^1.6.0',
46 silly install resolved        'grunt-shell': '^1.1.1',
46 silly install resolved        'grunt-browserify': '~3.5.0',
46 silly install resolved        'jit-grunt': '^0.9.1',
46 silly install resolved        'time-grunt': '^1.0.0',
46 silly install resolved        'grunt-saucelabs': '^8.3.2' },
46 silly install resolved     keywords:
46 silly install resolved      [ 'compile less',
46 silly install resolved        'css nesting',
46 silly install resolved        'css variable',
46 silly install resolved        'css',
46 silly install resolved        'gradients css',
46 silly install resolved        'gradients css3',
46 silly install resolved        'less compiler',
46 silly install resolved        'less css',
46 silly install resolved        'less mixins',
46 silly install resolved        'less',
46 silly install resolved        'less.js',
46 silly install resolved        'lesscss',
46 silly install resolved        'mixins',
46 silly install resolved        'nested css',
46 silly install resolved        'parser',
46 silly install resolved        'preprocessor',
46 silly install resolved        'bootstrap css',
46 silly install resolved        'bootstrap less',
46 silly install resolved        'style',
46 silly install resolved        'styles',
46 silly install resolved        'stylesheet',
46 silly install resolved        'variables in css',
46 silly install resolved        'css less' ],
46 silly install resolved     gitHead: '9b7021a309a9010b04ddc89d5fd86f1d2d0b3433',
46 silly install resolved     dependencies:
46 silly install resolved      { errno: '^0.1.1',
46 silly install resolved        'graceful-fs': '^3.0.5',
46 silly install resolved        'image-size': '~0.3.5',
46 silly install resolved        mime: '^1.2.11',
46 silly install resolved        mkdirp: '^0.5.0',
46 silly install resolved        promise: '^6.0.1',
46 silly install resolved        request: '^2.51.0',
46 silly install resolved        'source-map': '^0.4.2' },
46 silly install resolved     _id: 'less@2.5.0',
46 silly install resolved     _shasum: '11d6d611586de6d5f808220649bc9bbfe7ad5e17',
46 silly install resolved     _from: 'less@*',
46 silly install resolved     _npmVersion: '2.5.1',
46 silly install resolved     _nodeVersion: '0.12.1',
46 silly install resolved     _npmUser: { name: 'agatronic', email: 'luke.a.page@gmail.com' },
46 silly install resolved     maintainers: [ [Object], [Object] ],
46 silly install resolved     dist:
46 silly install resolved      { shasum: '11d6d611586de6d5f808220649bc9bbfe7ad5e17',
46 silly install resolved        tarball: 'http://registry.npmjs.org/less/-/less-2.5.0.tgz' },
46 silly install resolved     _resolved: 'https://registry.npmjs.org/less/-/less-2.5.0.tgz' } ]
47 info install less@2.5.0 into /usr/local/lib
48 info installOne less@2.5.0
49 verbose installOne of less to /usr/local/lib not in flight; installing
50 verbose lock using /Users/rafaelalvarado/.npm/_locks/less-c2213c903e2e7354.lock for /usr/local/lib/node_modules/less
51 silly install write writing less 2.5.0 to /usr/local/lib/node_modules/less
52 silly cache addNamed cb less@2.5.0
53 verbose unbuild lib/node_modules/less
54 silly gentlyRm /usr/local/lib/node_modules/less is being purged from base /usr/local
55 verbose gentlyRm don't care about contents; nuking /usr/local/lib/node_modules/less
56 verbose tar unpack /Users/rafaelalvarado/.npm/less/2.5.0/package.tgz
57 verbose tar unpacking to /usr/local/lib/node_modules/less
58 silly gentlyRm /usr/local/lib/node_modules/less is being purged
59 verbose gentlyRm don't care about contents; nuking /usr/local/lib/node_modules/less
60 silly gunzTarPerm modes [ '755', '644' ]
61 error tar.unpack untar error /Users/rafaelalvarado/.npm/less/2.5.0/package.tgz
62 verbose unlock done using /Users/rafaelalvarado/.npm/_locks/less-c2213c903e2e7354.lock for /usr/local/lib/node_modules/less
63 verbose fstream_path /usr/local/lib/node_modules/less
64 verbose fstream_type Directory
65 verbose fstream_class DirWriter
66 verbose stack Error: EACCES, mkdir '/usr/local/lib/node_modules/less'
66 verbose stack     at Error (native)
67 verbose fstream_stack /usr/local/lib/node_modules/npm/node_modules/fstream/lib/dir-writer.js:36:23
67 verbose fstream_stack /usr/local/lib/node_modules/npm/node_modules/mkdirp/index.js:46:53
67 verbose fstream_stack FSReqWrap.oncomplete (fs.js:95:15)
68 verbose cwd /Users/rafaelalvarado/Projects/FridgeApp
69 error Darwin 14.3.0
70 error argv "node" "/usr/local/bin/npm" "install" "-g" "less"
71 error node v0.12.2
72 error npm  v2.7.4
73 error path /usr/local/lib/node_modules/less
74 error code EACCES
75 error errno -13
76 error Error: EACCES, mkdir '/usr/local/lib/node_modules/less'
76 error     at Error (native)
76 error  { [Error: EACCES, mkdir '/usr/local/lib/node_modules/less']
76 error   errno: -13,
76 error   code: 'EACCES',
76 error   path: '/usr/local/lib/node_modules/less',
76 error   fstream_type: 'Directory',
76 error   fstream_path: '/usr/local/lib/node_modules/less',
76 error   fstream_class: 'DirWriter',
76 error   fstream_stack:
76 error    [ '/usr/local/lib/node_modules/npm/node_modules/fstream/lib/dir-writer.js:36:23',
76 error      '/usr/local/lib/node_modules/npm/node_modules/mkdirp/index.js:46:53',
76 error      'FSReqWrap.oncomplete (fs.js:95:15)' ] }
77 error Please try running this command again as root/Administrator.
78 verbose exit [ -13, true ]
79 verbose unbuild lib/node_modules/less
80 silly gentlyRm /usr/local/lib/node_modules/less is being purged from base /usr/local
81 verbose gentlyRm don't care about contents; nuking /usr/local/lib/node_modules/less
