0 info it worked if it ends with ok
1 verbose cli [ 'node', '/usr/local/bin/npm', 'install', '-g', 'less' ]
2 info using npm@2.7.4
3 info using node@v0.12.2
4 silly cache add args [ 'less', null ]
5 verbose cache add spec less
6 silly cache add parsed spec { raw: 'less',
6 silly cache add   scope: null,
6 silly cache add   name: 'less',
6 silly cache add   rawSpec: '',
6 silly cache add   spec: '*',
6 silly cache add   type: 'range' }
7 verbose addNamed less@*
8 silly addNamed semver.valid null
9 silly addNamed semver.validRange *
10 silly addNameRange { name: 'less', range: '*', hasData: false }
11 silly mapToRegistry name less
12 silly mapToRegistry using default registry
13 silly mapToRegistry registry https://registry.npmjs.org/
14 silly mapToRegistry uri https://registry.npmjs.org/less
15 verbose addNameRange registry:https://registry.npmjs.org/less not in flight; fetching
16 verbose request uri https://registry.npmjs.org/less
17 verbose request no auth needed
18 info attempt registry request try #1 at 1:26:41 PM
19 verbose request id 59d6faff76d8e56f
20 verbose etag "4IBWLL2GVD4XA2IVU2FV03GAH"
21 http request GET https://registry.npmjs.org/less
22 http 304 https://registry.npmjs.org/less
23 silly get cb [ 304,
23 silly get   { date: 'Mon, 11 May 2015 18:26:39 GMT',
23 silly get     via: '1.1 varnish',
23 silly get     'cache-control': 'max-age=60',
23 silly get     etag: '"4IBWLL2GVD4XA2IVU2FV03GAH"',
23 silly get     age: '41',
23 silly get     connection: 'keep-alive',
23 silly get     'x-served-by': 'cache-jfk1024-JFK',
23 silly get     'x-cache': 'HIT',
23 silly get     'x-cache-hits': '1',
23 silly get     'x-timer': 'S1431368799.630641,VS0,VE0',
23 silly get     vary: 'Accept' } ]
24 verbose etag https://registry.npmjs.org/less from cache
25 verbose get saving less to /Users/rafaelalvarado/.npm/registry.npmjs.org/less/.cache.json
26 silly addNameRange number 2 { name: 'less', range: '*', hasData: true }
27 silly addNameRange versions [ 'less',
27 silly addNameRange   [ '1.0.10',
27 silly addNameRange     '1.0.11',
27 silly addNameRange     '1.0.14',
27 silly addNameRange     '1.0.18',
27 silly addNameRange     '1.0.19',
27 silly addNameRange     '1.0.21',
27 silly addNameRange     '1.0.32',
27 silly addNameRange     '1.0.36',
27 silly addNameRange     '1.0.5',
27 silly addNameRange     '1.0.40',
27 silly addNameRange     '1.0.41',
27 silly addNameRange     '1.0.44',
27 silly addNameRange     '1.1.0',
27 silly addNameRange     '1.1.1',
27 silly addNameRange     '1.1.2',
27 silly addNameRange     '1.1.4',
27 silly addNameRange     '1.1.5',
27 silly addNameRange     '1.1.6',
27 silly addNameRange     '1.2.0',
27 silly addNameRange     '1.2.1',
27 silly addNameRange     '1.2.2',
27 silly addNameRange     '1.3.0',
27 silly addNameRange     '1.3.1',
27 silly addNameRange     '1.3.2',
27 silly addNameRange     '1.3.3',
27 silly addNameRange     '1.4.0-b1',
27 silly addNameRange     '1.4.0-b2',
27 silly addNameRange     '1.4.0-b3',
27 silly addNameRange     '1.4.0-b4',
27 silly addNameRange     '1.4.0',
27 silly addNameRange     '1.4.1',
27 silly addNameRange     '1.4.2',
27 silly addNameRange     '1.5.0-b1',
27 silly addNameRange     '1.5.0-b2',
27 silly addNameRange     '1.5.0-b3',
27 silly addNameRange     '1.5.0-b4',
27 silly addNameRange     '1.5.0',
27 silly addNameRange     '1.5.1',
27 silly addNameRange     '1.6.0',
27 silly addNameRange     '1.6.1',
27 silly addNameRange     '1.6.2',
27 silly addNameRange     '1.6.3',
27 silly addNameRange     '1.7.0',
27 silly addNameRange     '1.7.1',
27 silly addNameRange     '1.7.3',
27 silly addNameRange     '1.7.4',
27 silly addNameRange     '1.7.5',
27 silly addNameRange     '2.0.0-b1',
27 silly addNameRange     '2.0.0-b2',
27 silly addNameRange     '2.0.0-b3',
27 silly addNameRange     '2.0.0',
27 silly addNameRange     '2.1.0',
27 silly addNameRange     '2.1.1',
27 silly addNameRange     '2.1.2',
27 silly addNameRange     '2.2.0',
27 silly addNameRange     '2.3.0',
27 silly addNameRange     '2.3.1',
27 silly addNameRange     '2.4.0',
27 silly addNameRange     '2.5.0' ] ]
28 verbose addNamed less@2.5.0
29 silly addNamed semver.valid 2.5.0
30 silly addNamed semver.validRange 2.5.0
31 silly cache afterAdd less@2.5.0
32 verbose afterAdd /Users/rafaelalvarado/.npm/less/2.5.0/package/package.json not in flight; writing
33 verbose afterAdd /Users/rafaelalvarado/.npm/less/2.5.0/package/package.json written
34 silly install resolved [ { name: 'less',
34 silly install resolved     version: '2.5.0',
34 silly install resolved     description: 'Leaner CSS',
34 silly install resolved     homepage: 'http://lesscss.org',
34 silly install resolved     author: { name: 'Alexis Sellier', email: 'self@cloudhead.net' },
34 silly install resolved     contributors: [ [Object] ],
34 silly install resolved     bugs: { url: 'https://github.com/less/less.js/issues' },
34 silly install resolved     repository: { type: 'git', url: 'https://github.com/less/less.js.git' },
34 silly install resolved     licenses: [ [Object] ],
34 silly install resolved     bin: { lessc: './bin/lessc' },
34 silly install resolved     main: 'index',
34 silly install resolved     directories: { test: './test' },
34 silly install resolved     jam: { main: './dist/less.js' },
34 silly install resolved     browser: './dist/less.js',
34 silly install resolved     engines: { node: '>=0.10.0' },
34 silly install resolved     scripts: { test: 'grunt test' },
34 silly install resolved     optionalDependencies:
34 silly install resolved      { errno: '^0.1.1',
34 silly install resolved        'graceful-fs': '^3.0.5',
34 silly install resolved        'image-size': '~0.3.5',
34 silly install resolved        mime: '^1.2.11',
34 silly install resolved        mkdirp: '^0.5.0',
34 silly install resolved        promise: '^6.0.1',
34 silly install resolved        request: '^2.51.0',
34 silly install resolved        'source-map': '^0.4.2' },
34 silly install resolved     devDependencies:
34 silly install resolved      { diff: '^1.0',
34 silly install resolved        grunt: '^0.4.5',
34 silly install resolved        'grunt-contrib-clean': '^0.6.0',
34 silly install resolved        'grunt-contrib-concat': '^0.5.0',
34 silly install resolved        'grunt-contrib-connect': '^0.9.0',
34 silly install resolved        'grunt-contrib-jasmine': '^0.8.2',
34 silly install resolved        'grunt-contrib-jshint': '^0.11.0',
34 silly install resolved        'grunt-contrib-uglify': '^0.8.0',
34 silly install resolved        'grunt-jscs': '^1.6.0',
34 silly install resolved        'grunt-shell': '^1.1.1',
34 silly install resolved        'grunt-browserify': '~3.5.0',
34 silly install resolved        'jit-grunt': '^0.9.1',
34 silly install resolved        'time-grunt': '^1.0.0',
34 silly install resolved        'grunt-saucelabs': '^8.3.2' },
34 silly install resolved     keywords:
34 silly install resolved      [ 'compile less',
34 silly install resolved        'css nesting',
34 silly install resolved        'css variable',
34 silly install resolved        'css',
34 silly install resolved        'gradients css',
34 silly install resolved        'gradients css3',
34 silly install resolved        'less compiler',
34 silly install resolved        'less css',
34 silly install resolved        'less mixins',
34 silly install resolved        'less',
34 silly install resolved        'less.js',
34 silly install resolved        'lesscss',
34 silly install resolved        'mixins',
34 silly install resolved        'nested css',
34 silly install resolved        'parser',
34 silly install resolved        'preprocessor',
34 silly install resolved        'bootstrap css',
34 silly install resolved        'bootstrap less',
34 silly install resolved        'style',
34 silly install resolved        'styles',
34 silly install resolved        'stylesheet',
34 silly install resolved        'variables in css',
34 silly install resolved        'css less' ],
34 silly install resolved     gitHead: '9b7021a309a9010b04ddc89d5fd86f1d2d0b3433',
34 silly install resolved     dependencies:
34 silly install resolved      { errno: '^0.1.1',
34 silly install resolved        'graceful-fs': '^3.0.5',
34 silly install resolved        'image-size': '~0.3.5',
34 silly install resolved        mime: '^1.2.11',
34 silly install resolved        mkdirp: '^0.5.0',
34 silly install resolved        promise: '^6.0.1',
34 silly install resolved        request: '^2.51.0',
34 silly install resolved        'source-map': '^0.4.2' },
34 silly install resolved     _id: 'less@2.5.0',
34 silly install resolved     _shasum: '11d6d611586de6d5f808220649bc9bbfe7ad5e17',
34 silly install resolved     _from: 'less@*',
34 silly install resolved     _npmVersion: '2.5.1',
34 silly install resolved     _nodeVersion: '0.12.1',
34 silly install resolved     _npmUser: { name: 'agatronic', email: 'luke.a.page@gmail.com' },
34 silly install resolved     maintainers: [ [Object], [Object] ],
34 silly install resolved     dist:
34 silly install resolved      { shasum: '11d6d611586de6d5f808220649bc9bbfe7ad5e17',
34 silly install resolved        tarball: 'http://registry.npmjs.org/less/-/less-2.5.0.tgz' },
34 silly install resolved     _resolved: 'https://registry.npmjs.org/less/-/less-2.5.0.tgz',
34 silly install resolved     readme: 'ERROR: No README data found!' } ]
35 info install less@2.5.0 into /usr/local/lib
36 info installOne less@2.5.0
37 verbose installOne of less to /usr/local/lib not in flight; installing
38 verbose lock using /Users/rafaelalvarado/.npm/_locks/less-c2213c903e2e7354.lock for /usr/local/lib/node_modules/less
39 silly install write writing less 2.5.0 to /usr/local/lib/node_modules/less
40 silly cache addNamed cb less@2.5.0
41 verbose unbuild lib/node_modules/less
42 silly gentlyRm /usr/local/lib/node_modules/less is being purged from base /usr/local
43 verbose gentlyRm don't care about contents; nuking /usr/local/lib/node_modules/less
44 verbose tar unpack /Users/rafaelalvarado/.npm/less/2.5.0/package.tgz
45 verbose tar unpacking to /usr/local/lib/node_modules/less
46 silly gentlyRm /usr/local/lib/node_modules/less is being purged
47 verbose gentlyRm don't care about contents; nuking /usr/local/lib/node_modules/less
48 silly gunzTarPerm modes [ '755', '644' ]
49 error tar.unpack untar error /Users/rafaelalvarado/.npm/less/2.5.0/package.tgz
50 verbose unlock done using /Users/rafaelalvarado/.npm/_locks/less-c2213c903e2e7354.lock for /usr/local/lib/node_modules/less
51 verbose fstream_path /usr/local/lib/node_modules/less
52 verbose fstream_type Directory
53 verbose fstream_class DirWriter
54 verbose stack Error: EACCES, mkdir '/usr/local/lib/node_modules/less'
54 verbose stack     at Error (native)
55 verbose fstream_stack /usr/local/lib/node_modules/npm/node_modules/fstream/lib/dir-writer.js:36:23
55 verbose fstream_stack /usr/local/lib/node_modules/npm/node_modules/mkdirp/index.js:46:53
55 verbose fstream_stack FSReqWrap.oncomplete (fs.js:95:15)
56 verbose cwd /Users/rafaelalvarado/Projects/FridgeApp/server
57 error Darwin 14.3.0
58 error argv "node" "/usr/local/bin/npm" "install" "-g" "less"
59 error node v0.12.2
60 error npm  v2.7.4
61 error path /usr/local/lib/node_modules/less
62 error code EACCES
63 error errno -13
64 error Error: EACCES, mkdir '/usr/local/lib/node_modules/less'
64 error     at Error (native)
64 error  { [Error: EACCES, mkdir '/usr/local/lib/node_modules/less']
64 error   errno: -13,
64 error   code: 'EACCES',
64 error   path: '/usr/local/lib/node_modules/less',
64 error   fstream_type: 'Directory',
64 error   fstream_path: '/usr/local/lib/node_modules/less',
64 error   fstream_class: 'DirWriter',
64 error   fstream_stack:
64 error    [ '/usr/local/lib/node_modules/npm/node_modules/fstream/lib/dir-writer.js:36:23',
64 error      '/usr/local/lib/node_modules/npm/node_modules/mkdirp/index.js:46:53',
64 error      'FSReqWrap.oncomplete (fs.js:95:15)' ] }
65 error Please try running this command again as root/Administrator.
66 verbose exit [ -13, true ]
67 verbose unbuild lib/node_modules/less
68 silly gentlyRm /usr/local/lib/node_modules/less is being purged from base /usr/local
69 verbose gentlyRm don't care about contents; nuking /usr/local/lib/node_modules/less
